1537972679381:commandListner file.txt
1537972746547:listen "test.tes"
1537972757242:hello
1537972768645:commandListner
1537972880444:listen test.txt
1537973145129:listen access.log
1537990971001:listen accessa.log
1537991349399:listen  accessa.log
1537991381726:listen accessa.log
1537994558642:sa.log
1537994564796:listen accessa.log
1538051183601:listen access.log
1538052422616:com.log.Parser access.log
1538052450930:listen access.log
1538052558090:com.log.Parser --access.log
1538052595610:listen --access.log
1538052612669:listen -- access.log
1538053065251:listen accessa.log
1538054672427:listen access.log
1538058411251:listen --startDate=2017-01-01.13:00:00 --duration=daily --threshold=250
1538058429393:listen         try {
1538058511149:listen startDate=2017-01-01.13:00:00 duration=daily threshold=250ily 250
1538068229020:liste --startDate=2017-01-01.13:00:00 --duration=daily --threshold=250
1538069830562:listen --startDate=2017-01-01.13:00:00 --duration=daily --threshold=250
1538070643726:listen 2017-01-01.13:00:00 daily 250
1538071827315:listen listen --startDate=2017-01-01.13:00:00 --duration=daily 250
1538071841503:2018-09-27 14:10:27.331 DEBUG 8672 --- [           main] o.s.b.f.s.DlogaultListableBeanFactory     : Returning cached instance of singleton bean 'history'
1538072049520:listen 2017-01-01.00:00:00 daily 500
1538072804728:listen 2017-01-01.00:00:00 daily 500.
1538072825278:listen 2017-01-01.00:00:00 daily 500
1538076389149:listen 2017-01-01 00:00:00 daily 500
1538076429559:listen 2017-01-01.00:00:00 daily 500
1538079837261:listen "c:\\opt\\accessa.log" 2017-01-01.00:00:00 daily 2
1538079942236:listen "C:/opt/accessa.log" 2017-01-01.00:00:00 daily 2
1538079989479:listen "C:\\\\opt\\\\accessa.log" 2017-01-01.00:00:00 daily 2
1538147803490:listen "C:\\\\opt\\\\accessa.log" 2017-01-01.00:00:00 daily 5
1538147960032:listen "C:\\\\opt\\\\accessa.log" 2017-01-01.00:00:00 daily 2
1538156002181:com.log.parser c;
1538156372042:com.log.parser --accesslog=C:\\\\opt\\\\accessa.log --startDate=2017-01-01.00:00:00 --duration=daily --threshold=2
1538159615181:help
1538159632423:exit
1538160170742:com.log.parser --accesslog=C:\\\\opt\\\\accessa.log --startDate=2017-01-01.00:00:00 --duration=daily
1538165063429:com.log.parser --accesslog=C:\\\\opt\\\\  --startDate=2017-01-01.00:00:00 --duration=daily --threshold=500
1538167439646:java -cp "parser.jar" com.log.Parser   --startDate=2017-01-01.13:00:00 --duration=hourly --threshold=100
1538167477888:com.log.parser   --startDate=2017-01-01.13:00:00 --duration=hourly --threshold=100
1538403302262:listen   /var/lib/access.log  2017-01-01.13:00:00 hourly 100
1544200379033:com.log.parser
1544200382464:ls
1544200384199:show
1544200390041:clear
1552329782939:com.log.Parser --accesslog=C:\\Users\\ISDDYT\\Desktop\\log01.txt --startDate=2017-01-01.13:00:00 --duration=hourly --threshold=100
1552330003559:com.log.Parser --accesslog="C:\\Users\\ISDDYT\\Desktop\\log01.txt" --startDate=2017-01-01.13:00:00 --duration=hourly --threshold=100
1552330042586:com.log.Parser --accesslog=C:\\Users\\ISDDYT\\Desktop\\log01.txt --startDate=2017-01-01.13:00:00 --duration=hourly --threshold=100
1552330086034:com.log.Parser --accesslog='C:\\Users\\ISDDYT\\Desktop\\log01.txt' --startDate=2017-01-01.13:00:00 --duration=hourly --threshold=100
1552330121545:com.log.Parser --accesslog=C:\\\\Users\\\\ISDDYT\\\\Desktop\\\\log01.txt --startDate=2017-01-01.13:00:00 --duration=hourly --threshold=100
1552330371152:com.log.Parser --accesslog=C:\\Users\\ISDDYT\\Desktop\\log01.txt --startDate=2017-01-01.13:00:00 --duration=hourly --threshold=100
1552330422903:com.log.Parser --accesslog=C:\\\\logg --startDate=2017-01-01.13:00:00 --duration=hourly --threshold=100
1552330751136:com.log.Parser --accesslog=C:\\logg --startDate=2017-01-01.13:00:00 --duration=hourly --threshold=100
1552330778940:com.log.Parser --accesslog=C:\\\\logg --startDate=2017-01-01.13:00:00 --duration=hourly --threshold=100
1552395387431:com.log.Parser "C:\\\\logg" --startDate=2017-01-01 --duration=hourly --threshold=100
1552395585295:com.log.Parser --path="C:\\\\logg" --startDate=2017-01-01 --duration=hourly --threshold=100
1552395901692:com.log.Parser --path="C:\\logg" -startDate="2017-01-01" --duration=hourly --threshold=100
1552395975926:com.log.Parser --path='C:\\logg' -startDate="2017-01-01" --duration=hourly --threshold=100
1552395989364:com.log.Parser --path="C:\\\\logg" -startDate="2017-01-01" --duration=hourly --threshold=100
1552402044913:com.log.Parser --path="C:\\\\logg" --startDate="2017-01-01" --duration="hourly" --threshold="100"
1552404287342:com.log.Parser --path="C:\\\\logg" --startDate="2018-01-01" --duration="hourly" --threshold="100"
1552405461989:com.log.Parser --="C:\\\\logg"
1552405569906:com.log.Parser --path="C:\\\\logg" -startDate="2017-01-01" --duration="hourly" --threshold="100"
1552405729734:com.log.Parser --path="C:\\\\logg" --startDate="2017-01-01" --duration="hourly" --threshold="100"
1552410383710:com.log.Parser --path="C:\\\\logg" --startDate="2017-09-09" --duration="hourly" threshold="100"
1552411671529:com.log.Parser --path ="C:\\\\logg\n"
1552412444766:com.log.Parser --path="C:\\\\logg"
1552413093850:parse --path="c:\\\\logg"
1552413362245:parse --path="C:\\logg"
1552413386060:parse --path ="c:\\\\logg"
1552413753860:parse --path ="C:\\\\parse"
1552413793703:parse --path="C:\\\\logg"
1552415521165:y
1552415528955:Exit
